<?xml version="1.0" encoding="UTF-8"?>
<!-- Generated by org.testng.reporters.JUnitReportReporter -->
<testsuite hostname="AzadSingh" failures="0" tests="1" name="cucumberOptions.TestNGRunner" time="9.617" errors="0" timestamp="2023-11-26T09:11:19 IST" skipped="0">
  <testcase classname="cucumberOptions.TestNGRunner" name="runScenario" time="9.617"/>
</testsuite> <!-- cucumberOptions.TestNGRunner -->
