<?xml version="1.0" encoding="UTF-8"?>
<!-- Generated by org.testng.reporters.JUnitReportReporter -->
<testsuite hostname="AzadSingh" failures="0" tests="1" name="cucumberOptions.TestNGRunner" time="10.540" errors="0" timestamp="2023-11-26T18:45:39 IST" skipped="0">
  <testcase classname="cucumberOptions.TestNGRunner" name="runScenario" time="10.540"/>
</testsuite> <!-- cucumberOptions.TestNGRunner -->
