<?xml version="1.0" encoding="UTF-8"?>
<!-- Generated by org.testng.reporters.JUnitReportReporter -->
<testsuite hostname="AzadSingh" failures="0" tests="1" name="cucumberOptions.TestNGRunner" time="9.902" errors="0" timestamp="2023-11-25T18:59:32 IST" skipped="0">
  <testcase classname="cucumberOptions.TestNGRunner" name="runScenario" time="9.902"/>
</testsuite> <!-- cucumberOptions.TestNGRunner -->
